<?xml version="1.0" encoding="UTF-8"?>
<testng-results skipped="0" failed="0" total="1" passed="1">
  <reporter-output>
  </reporter-output>
  <suite name="Suite" duration-ms="29" started-at="2016-08-09T05:52:23Z" finished-at="2016-08-09T05:52:23Z">
    <groups>
    </groups>
    <test name="Test" duration-ms="29" started-at="2016-08-09T05:52:23Z" finished-at="2016-08-09T05:52:23Z">
      <class name="JDemo.JDemo.JDemoClass">
        <test-method status="PASS" signature="testDemo()[pri:0, instance:JDemo.JDemo.JDemoClass@56dfcb]" name="testDemo" duration-ms="10" started-at="2016-08-09T11:22:23Z" finished-at="2016-08-09T11:22:23Z">
          <reporter-output>
          </reporter-output>
        </test-method> <!-- testDemo -->
      </class> <!-- JDemo.JDemo.JDemoClass -->
    </test> <!-- Test -->
  </suite> <!-- Suite -->
</testng-results>
